<?xml version="1.0" encoding="UTF-8"?>
<!-- Generated by org.testng.reporters.JUnitReportReporter -->
<testsuite hostname="komal-VirtualBox" failures="0" tests="1" name="Tests.LoginTest" time="4.425" errors="0" timestamp="5 May 2022 17:31:10 GMT">
  <testcase classname="Tests.LoginTest" name="login" time="4.425"/>
</testsuite> <!-- Tests.LoginTest -->
